==46924== Memcheck, a memory error detector
==46924== Copyright (C) 2002-2017, and GNU GPL'd, by Julian Seward et al.
==46924== Using Valgrind-3.18.1 and LibVEX; rerun with -h for copyright info
==46924== Command: ./minishell
==46924== Parent PID: 45967
==46924== 
==46950== 
==46950== FILE DESCRIPTORS: 9 open (3 std) at exit.
==46950== Open file descriptor 7:
==46950==    at 0x49DD07D: pipe (pipe.c:29)
==46950==    by 0x10D88A: exec_here_doc (exec_here_doc.c:28)
==46950==    by 0x10E6AB: process_heredocs (init.c:57)
==46950==    by 0x1095A0: set_up_redir (main.c:61)
==46950==    by 0x109731: minishell (main.c:106)
==46950==    by 0x10980F: main (main.c:134)
==46950== 
==46950== Open file descriptor 5: /dev/pts/0
==46950==    at 0x49DCFEB: dup (syscall-template.S:120)
==46950==    by 0x109538: set_up_redir (main.c:51)
==46950==    by 0x109731: minishell (main.c:106)
==46950==    by 0x10980F: main (main.c:134)
==46950== 
==46950== Open file descriptor 4: /dev/pts/0
==46950==    at 0x49DCFEB: dup (syscall-template.S:120)
==46950==    by 0x10950A: set_up_redir (main.c:48)
==46950==    by 0x109731: minishell (main.c:106)
==46950==    by 0x10980F: main (main.c:134)
==46950== 
==46950== Open file descriptor 103: /usr/share/code/v8_context_snapshot.bin
==46950==    <inherited from parent>
==46950== 
==46950== Open file descriptor 41: /home/mfernand/.config/Code/logs/20250625T220150/ptyhost.log
==46950==    <inherited from parent>
==46950== 
==46950== Open file descriptor 3: /home/mfernand/c/minishell/valgrind.log
==46950==    <inherited from parent>
==46950== 
==46950== 
==46950== HEAP SUMMARY:
==46950==     in use at exit: 221,115 bytes in 420 blocks
==46950==   total heap usage: 640 allocs, 220 frees, 241,666 bytes allocated
==46950== 
==46950== 2 bytes in 1 blocks are still reachable in loss record 1 of 76
==46950==    at 0x4848899: malloc (in /usr/libexec/valgrind/vgpreload_memcheck-amd64-linux.so)
==46950==    by 0x10F944: ft_strdup (in /home/mfernand/c/minishell/minishell)
==46950==    by 0x10AF0F: setenv_lst (env.c:26)
==46950==    by 0x10B859: init__shlvl (init.c:62)
==46950==    by 0x10B91D: init_shell (init.c:80)
==46950==    by 0x1097AB: main (main.c:122)
==46950== 
==46950== 4 bytes in 1 blocks are still reachable in loss record 4 of 76
==46950==    at 0x4848899: malloc (in /usr/libexec/valgrind/vgpreload_memcheck-amd64-linux.so)
==46950==    by 0x10F944: ft_strdup (in /home/mfernand/c/minishell/minishell)
==46950==    by 0x10A0B8: init_redirect (syntax.c:36)
==46950==    by 0x10A1BB: parse_redirects (syntax.c:64)
==46950==    by 0x10A81F: parse_command (parser.c:26)
==46950==    by 0x10A8D8: handle_non_pipe_token (parser.c:45)
==46950==    by 0x10A974: build_command (parser.c:66)
==46950==    by 0x10AA8F: parser (parser.c:97)
==46950==    by 0x109695: minishell (main.c:98)
==46950==    by 0x10980F: main (main.c:134)
==46950== 
==46950== 7 bytes in 1 blocks are still reachable in loss record 6 of 76
==46950==    at 0x4848899: malloc (in /usr/libexec/valgrind/vgpreload_memcheck-amd64-linux.so)
==46950==    by 0x48ADBAC: xmalloc (in /usr/lib/x86_64-linux-gnu/libreadline.so.8.1)
==46950==    by 0x48A4B39: alloc_history_entry (in /usr/lib/x86_64-linux-gnu/libreadline.so.8.1)
==46950==    by 0x48A6F65: add_history (in /usr/lib/x86_64-linux-gnu/libreadline.so.8.1)
==46950==    by 0x1097F0: main (main.c:132)
==46950== 
==46950== 24 bytes in 1 blocks are still reachable in loss record 17 of 76
==46950==    at 0x4848899: malloc (in /usr/libexec/valgrind/vgpreload_memcheck-amd64-linux.so)
==46950==    by 0x48ADBAC: xmalloc (in /usr/lib/x86_64-linux-gnu/libreadline.so.8.1)
==46950==    by 0x48A4B1D: alloc_history_entry (in /usr/lib/x86_64-linux-gnu/libreadline.so.8.1)
==46950==    by 0x48A6F65: add_history (in /usr/lib/x86_64-linux-gnu/libreadline.so.8.1)
==46950==    by 0x1097F0: main (main.c:132)
==46950== 
==46950== 24 bytes in 1 blocks are still reachable in loss record 18 of 76
==46950==    at 0x4848899: malloc (in /usr/libexec/valgrind/vgpreload_memcheck-amd64-linux.so)
==46950==    by 0x10A08F: init_redirect (syntax.c:33)
==46950==    by 0x10A1BB: parse_redirects (syntax.c:64)
==46950==    by 0x10A81F: parse_command (parser.c:26)
==46950==    by 0x10A8D8: handle_non_pipe_token (parser.c:45)
==46950==    by 0x10A974: build_command (parser.c:66)
==46950==    by 0x10AA8F: parser (parser.c:97)
==46950==    by 0x109695: minishell (main.c:98)
==46950==    by 0x10980F: main (main.c:134)
==46950== 
==46950== 27 bytes in 1 blocks are still reachable in loss record 19 of 76
==46950==    at 0x4848899: malloc (in /usr/libexec/valgrind/vgpreload_memcheck-amd64-linux.so)
==46950==    by 0x10F944: ft_strdup (in /home/mfernand/c/minishell/minishell)
==46950==    by 0x10B7D0: init_pwd (init.c:43)
==46950==    by 0x10B8DE: init_shell (init.c:76)
==46950==    by 0x1097AB: main (main.c:122)
==46950== 
==46950== 40 bytes in 1 blocks are still reachable in loss record 21 of 76
==46950==    at 0x4848899: malloc (in /usr/libexec/valgrind/vgpreload_memcheck-amd64-linux.so)
==46950==    by 0x109D0C: init_command (utils_parser.c:19)
==46950==    by 0x10A88D: handle_non_pipe_token (parser.c:39)
==46950==    by 0x10A974: build_command (parser.c:66)
==46950==    by 0x10AA8F: parser (parser.c:97)
==46950==    by 0x109695: minishell (main.c:98)
==46950==    by 0x10980F: main (main.c:134)
==46950== 
==46950== 939 bytes in 63 blocks are still reachable in loss record 35 of 76
==46950==    at 0x4848899: malloc (in /usr/libexec/valgrind/vgpreload_memcheck-amd64-linux.so)
==46950==    by 0x10FD49: ft_substr (in /home/mfernand/c/minishell/minishell)
==46950==    by 0x10B0AB: append_node (env.c:80)
==46950==    by 0x10B1A1: init_env (env.c:107)
==46950==    by 0x10B8C6: init_shell (init.c:75)
==46950==    by 0x1097AB: main (main.c:122)
==46950== 
==46950== 1,610 bytes in 62 blocks are still reachable in loss record 46 of 76
==46950==    at 0x4848899: malloc (in /usr/libexec/valgrind/vgpreload_memcheck-amd64-linux.so)
==46950==    by 0x10F944: ft_strdup (in /home/mfernand/c/minishell/minishell)
==46950==    by 0x10B0C2: append_node (env.c:81)
==46950==    by 0x10B1A1: init_env (env.c:107)
==46950==    by 0x10B8C6: init_shell (init.c:75)
==46950==    by 0x1097AB: main (main.c:122)
==46950== 
==46950== 2,016 bytes in 63 blocks are still reachable in loss record 48 of 76
==46950==    at 0x4848899: malloc (in /usr/libexec/valgrind/vgpreload_memcheck-amd64-linux.so)
==46950==    by 0x10B07A: append_node (env.c:77)
==46950==    by 0x10B1A1: init_env (env.c:107)
==46950==    by 0x10B8C6: init_shell (init.c:75)
==46950==    by 0x1097AB: main (main.c:122)
==46950== 
==46950== 8,240 bytes in 1 blocks are still reachable in loss record 73 of 76
==46950==    at 0x4848899: malloc (in /usr/libexec/valgrind/vgpreload_memcheck-amd64-linux.so)
==46950==    by 0x10B89E: init_shell (init.c:71)
==46950==    by 0x1097AB: main (main.c:122)
==46950== 
==46950== LEAK SUMMARY:
==46950==    definitely lost: 0 bytes in 0 blocks
==46950==    indirectly lost: 0 bytes in 0 blocks
==46950==      possibly lost: 0 bytes in 0 blocks
==46950==    still reachable: 12,933 bytes in 196 blocks
==46950==         suppressed: 208,182 bytes in 224 blocks
==46950== 
==46950== For lists of detected and suppressed errors, rerun with: -s
==46950== ERROR SUMMARY: 0 errors from 0 contexts (suppressed: 0 from 0)
==46924== 
==46924== FILE DESCRIPTORS: 6 open (3 std) at exit.
==46924== Open file descriptor 103: /usr/share/code/v8_context_snapshot.bin
==46924==    <inherited from parent>
==46924== 
==46924== Open file descriptor 41: /home/mfernand/.config/Code/logs/20250625T220150/ptyhost.log
==46924==    <inherited from parent>
==46924== 
==46924== Open file descriptor 3: /home/mfernand/c/minishell/valgrind.log
==46924==    <inherited from parent>
==46924== 
==46924== 
==46924== HEAP SUMMARY:
==46924==     in use at exit: 208,236 bytes in 224 blocks
==46924==   total heap usage: 669 allocs, 445 frees, 242,176 bytes allocated
==46924== 
==46924== LEAK SUMMARY:
==46924==    definitely lost: 0 bytes in 0 blocks
==46924==    indirectly lost: 0 bytes in 0 blocks
==46924==      possibly lost: 0 bytes in 0 blocks
==46924==    still reachable: 0 bytes in 0 blocks
==46924==         suppressed: 208,236 bytes in 224 blocks
==46924== 
==46924== For lists of detected and suppressed errors, rerun with: -s
==46924== ERROR SUMMARY: 0 errors from 0 contexts (suppressed: 0 from 0)
